cycle 0
$00: 0x00000000
$01: 0x00000000
$02: 0x00000000
$03: 0x00000000
$04: 0x00000000
$05: 0x00000000
$06: 0x00000000
$07: 0x00000000
$08: 0x00000000
$09: 0x00000000
$10: 0x00000000
$11: 0x00000000
$12: 0x00000000
$13: 0x00000000
$14: 0x00000000
$15: 0x00000000
$16: 0x00000000
$17: 0x00000000
$18: 0x00000000
$19: 0x00000000
$20: 0x00000000
$21: 0x00000000
$22: 0x00000000
$23: 0x00000000
$24: 0x00000000
$25: 0x00000000
$26: 0x00000000
$27: 0x00000000
$28: 0x00000000
$29: 0x00000400
$30: 0x00000000
$31: 0x00000000
$HI: 0x00000000
$LO: 0x00000000
$PC: 0x00000040
$IF: 0x8C080000
$ID: NOP
$EX: NOP
$DM: NOP
$WB: NOP


cycle 1
$PC: 0x00000044
$IF: 0x8C090004
$ID: LW
$EX: NOP
$DM: NOP
$WB: NOP


cycle 2
$PC: 0x00000048
$IF: 0x8C0A0008
$ID: LW
$EX: LW
$DM: NOP
$WB: NOP


cycle 3
$PC: 0x0000004C
$IF: 0x8C0B000C
$ID: LW
$EX: LW
$DM: LW
$WB: NOP


cycle 4
$PC: 0x00000050
$IF: 0x8C0C0010
$ID: LW
$EX: LW
$DM: LW
$WB: LW


cycle 5
$08: 0x80000000
$PC: 0x00000054
$IF: 0x01286822
$ID: LW
$EX: LW
$DM: LW
$WB: LW


cycle 6
$09: 0x00000001
$PC: 0x00000058
$IF: 0x01486822
$ID: SUB
$EX: LW
$DM: LW
$WB: LW


cycle 7
$10: 0xFFFFFFFF
$PC: 0x0000005C
$IF: 0x01086822
$ID: SUB
$EX: SUB
$DM: LW
$WB: LW


cycle 8
$11: 0x80000001
$PC: 0x00000060
$IF: 0x01686822
$ID: SUB
$EX: SUB
$DM: SUB
$WB: LW


cycle 9
$12: 0x7FFFFFFF
$PC: 0x00000064
$IF: 0x01886822
$ID: SUB
$EX: SUB
$DM: SUB
$WB: SUB


cycle 10
$13: 0x80000001
$PC: 0x00000068
$IF: 0x016B6822
$ID: SUB
$EX: SUB
$DM: SUB
$WB: SUB


cycle 11
$13: 0x7FFFFFFF
$PC: 0x0000006C
$IF: 0x8C010014
$ID: SUB
$EX: SUB
$DM: SUB
$WB: SUB


cycle 12
$13: 0x00000000
$PC: 0x00000070
$IF: 0x8C400000
$ID: LW
$EX: SUB
$DM: SUB
$WB: SUB


cycle 13
$13: 0x00000001
$PC: 0x00000074
$IF: 0x80200003
$ID: LW
$EX: LW
$DM: SUB
$WB: SUB


cycle 14
$13: 0xFFFFFFFF
$PC: 0x00000078
$IF: 0x00000000
$ID: LB
$EX: LW
$DM: LW
$WB: SUB


cycle 15
$13: 0x00000002
$PC: 0x0000007C
$IF: 0x00000000
$ID: NOP
$EX: LB fwd_DM-WB_rs_$1
$DM: LW
$WB: LW


cycle 16
$01: 0x000003FC
$PC: 0x00000080
$IF: 0x00000000
$ID: NOP
$EX: NOP
$DM: LB
$WB: LW


cycle 17
$PC: 0x00000084
$IF: 0x00000000
$ID: NOP
$EX: NOP
$DM: NOP
$WB: LB


cycle 18
$PC: 0x00000088
$IF: 0x00000000
$ID: NOP
$EX: NOP
$DM: NOP
$WB: NOP


cycle 19
$PC: 0x0000008C
$IF: 0x00000000
$ID: NOP
$EX: NOP
$DM: NOP
$WB: NOP


cycle 20
$PC: 0x00000090
$IF: 0x00000000
$ID: NOP
$EX: NOP
$DM: NOP
$WB: NOP


cycle 21
$PC: 0x00000094
$IF: 0x00000000
$ID: NOP
$EX: NOP
$DM: NOP
$WB: NOP


cycle 22
$PC: 0x00000098
$IF: 0x00000000
$ID: NOP
$EX: NOP
$DM: NOP
$WB: NOP


cycle 23
$PC: 0x0000009C
$IF: 0x00000000
$ID: NOP
$EX: NOP
$DM: NOP
$WB: NOP


cycle 24
$PC: 0x000000A0
$IF: 0x00000000
$ID: NOP
$EX: NOP
$DM: NOP
$WB: NOP


cycle 25
$PC: 0x000000A4
$IF: 0x00000000
$ID: NOP
$EX: NOP
$DM: NOP
$WB: NOP


cycle 26
$PC: 0x000000A8
$IF: 0x00000000
$ID: NOP
$EX: NOP
$DM: NOP
$WB: NOP


cycle 27
$PC: 0x000000AC
$IF: 0x00000000
$ID: NOP
$EX: NOP
$DM: NOP
$WB: NOP


cycle 28
$PC: 0x000000B0
$IF: 0x00000000
$ID: NOP
$EX: NOP
$DM: NOP
$WB: NOP


cycle 29
$PC: 0x000000B4
$IF: 0x00000000
$ID: NOP
$EX: NOP
$DM: NOP
$WB: NOP


cycle 30
$PC: 0x000000B8
$IF: 0x00000000
$ID: NOP
$EX: NOP
$DM: NOP
$WB: NOP


cycle 31
$PC: 0x000000BC
$IF: 0x00000000
$ID: NOP
$EX: NOP
$DM: NOP
$WB: NOP


cycle 32
$PC: 0x000000C0
$IF: 0x00000000
$ID: NOP
$EX: NOP
$DM: NOP
$WB: NOP


cycle 33
$PC: 0x000000C4
$IF: 0x00000000
$ID: NOP
$EX: NOP
$DM: NOP
$WB: NOP


cycle 34
$PC: 0x000000C8
$IF: 0x00000000
$ID: NOP
$EX: NOP
$DM: NOP
$WB: NOP


cycle 35
$PC: 0x000000CC
$IF: 0x00000000
$ID: NOP
$EX: NOP
$DM: NOP
$WB: NOP


cycle 36
$PC: 0x000000D0
$IF: 0x00000000
$ID: NOP
$EX: NOP
$DM: NOP
$WB: NOP


cycle 37
$PC: 0x000000D4
$IF: 0x00000000
$ID: NOP
$EX: NOP
$DM: NOP
$WB: NOP


cycle 38
$PC: 0x000000D8
$IF: 0x00000000
$ID: NOP
$EX: NOP
$DM: NOP
$WB: NOP


cycle 39
$PC: 0x000000DC
$IF: 0x00000000
$ID: NOP
$EX: NOP
$DM: NOP
$WB: NOP


cycle 40
$PC: 0x000000E0
$IF: 0x00000000
$ID: NOP
$EX: NOP
$DM: NOP
$WB: NOP


cycle 41
$PC: 0x000000E4
$IF: 0x00000000
$ID: NOP
$EX: NOP
$DM: NOP
$WB: NOP


cycle 42
$PC: 0x000000E8
$IF: 0x00000000
$ID: NOP
$EX: NOP
$DM: NOP
$WB: NOP


cycle 43
$PC: 0x000000EC
$IF: 0x00000000
$ID: NOP
$EX: NOP
$DM: NOP
$WB: NOP


cycle 44
$PC: 0x000000F0
$IF: 0x00000000
$ID: NOP
$EX: NOP
$DM: NOP
$WB: NOP


cycle 45
$PC: 0x000000F4
$IF: 0x00000000
$ID: NOP
$EX: NOP
$DM: NOP
$WB: NOP


cycle 46
$PC: 0x000000F8
$IF: 0x00000000
$ID: NOP
$EX: NOP
$DM: NOP
$WB: NOP


cycle 47
$PC: 0x000000FC
$IF: 0x00000000
$ID: NOP
$EX: NOP
$DM: NOP
$WB: NOP


cycle 48
$PC: 0x00000100
$IF: 0x00000000
$ID: NOP
$EX: NOP
$DM: NOP
$WB: NOP


cycle 49
$PC: 0x00000104
$IF: 0x00000000
$ID: NOP
$EX: NOP
$DM: NOP
$WB: NOP


cycle 50
$PC: 0x00000108
$IF: 0x00000000
$ID: NOP
$EX: NOP
$DM: NOP
$WB: NOP


cycle 51
$PC: 0x0000010C
$IF: 0x00000000
$ID: NOP
$EX: NOP
$DM: NOP
$WB: NOP


cycle 52
$PC: 0x00000110
$IF: 0x00000000
$ID: NOP
$EX: NOP
$DM: NOP
$WB: NOP


